<?xml version="1.0" encoding="UTF-8"?>
<!-- Generated by org.testng.reporters.JUnitReportReporter -->
<testsuite hostname="Ashwanis-MacBook-Pro.local" failures="0" tests="4" name="tests.UserManage" time="32.481" errors="0" timestamp="2025-06-01T19:06:48 IST" skipped="0">
  <testcase classname="tests.UserManage" name="loginTest" time="10.357"/>
  <testcase classname="tests.UserManage" name="AddingUser" time="8.111"/>
  <testcase classname="tests.UserManage" name="searchAndEditUser" time="8.198"/>
  <testcase classname="tests.UserManage" name="searchAndDeleteEditedUser" time="5.815"/>
</testsuite> <!-- tests.UserManage -->
